copy_igprof_to_cgibin.sh:   e-100MeV.Shielding_EMZ.100MeV.4 DONE

oss_cpu_summary.sh: e-100MeV.Shielding_EMZ.100MeV.4 DONE

oss_mem_summary.sh: e-100MeV.Shielding_EMZ.100MeV.4 DONE

NO NEED... WELL, MAY THERE'S A NEED ??? NO, IT DOESN'T LOOK SO...
oss_process_all.sh:  echo "... process  e-100MeV..Shielding_EMZ.100MeV.4 ..." 
oss_process_all.sh:  ${SRC_DIR}/oss_analysis.sh ${xver} ${xapp} ${xexp} e-100MeV.Shielding_EMZ.100MeV.4 ${nhiggs} ${nohwc}

DONE
oss_template_cpu_summary.html:<td>Shielding_EMZ</td>
oss_template_cpu_summary.html:<td>e-100MeV.Shielding_EMZ.100MeV.4.AMDOpteronProcessor6128HE</td>

DONE
template_igprof.html:<td>Shielding_EMZ</td>
template_igprof.html:<a href="e-100MeV.Shielding_EMZ.100MeV.4/IgProf_e-100MeV.Shielding_EMZ.100MeV.4_MEM_LIVE_1/">&nbsp&nbsp&nbsp 1</a>&nbsp&nbsp<a href="e-100MeV.Shielding_EMZ.100MeV.4/IgProf_e-100MeV.Shielding_EMZ.100MeV.4_MEM_LIVE_DIFF/">Diff(51-1)</a><br>
template_igprof.html:<a href="e-100MeV.Shielding_EMZ.100MeV.4/IgProf_e-100MeV.Shielding_EMZ.100MeV.4_MEM_LIVE_51/">&nbsp 51</a>&nbsp&nbsp<a href="e-100MeV.Shielding_EMZ.100MeV.4/IgProf_e-100MeV.Shielding_EMZ.100MeV.4_MEM_LIVE_END/">End of Run</a>
template_igprof.html:<a href="e-100MeV.Shielding_EMZ.100MeV.4/IgProf_e-100MeV.Shielding_EMZ.100MeV.4_MEM_MAX_1/">&nbsp&nbsp&nbsp 1</a>&nbsp&nbsp<a href="e-100MeV.Shielding_EMZ.100MeV.4/IgProf_e-100MeV.Shielding_EMZ.100MeV.4_MEM_MAX_DIFF/">Diff(51-1)</a><br>
template_igprof.html:<a href="e-100MeV.Shielding_EMZ.100MeV.4/IgProf_e-100MeV.Shielding_EMZ.100MeV.4_MEM_MAX_51/">&nbsp 51</a>&nbsp&nbsp<a href="e-100MeV.Shielding_EMZ.100MeV.4/IgProf_e-100MeV.Shielding_EMZ.100MeV.4_MEM_MAX_END/">End of Run</a>
template_igprof.html:<a href="e-100MeV.Shielding_EMZ.100MeV.4/IgProf_e-100MeV.Shielding_EMZ.100MeV.4_MEM_TOTAL_1/">&nbsp&nbsp&nbsp 1</a>&nbsp&nbsp<a href="e-100MeV.Shielding_EMZ.100MeV.4/IgProf_e-100MeV.Shielding_EMZ.100MeV.4_MEM_TOTAL_DIFF/">Diff(51-1)</a><br>
template_igprof.html:<a href="e-100MeV.Shielding_EMZ.100MeV.4/IgProf_e-100MeV.Shielding_EMZ.100MeV.4_MEM_TOTAL_51/">&nbsp 51</a>&nbsp&nbsp<a href="e-100MeV.Shielding_EMZ.100MeV.4/IgProf_e-100MeV.Shielding_EMZ.100MeV.4_MEM_TOTAL_END/">End of Run</a>

DONE
template_mem_summary.html:<td>Shielding_EMZ</td>
template_mem_summary.html:<td>e-100MeV.Shielding_EMZ.100MeV.4.MEM_TOTAL.1</td>
template_mem_summary.html:<td>e-100MeV.Shielding_EMZ.100MeV.4.MEM_TOTAL.END</td>

DONE
template_sprof.html:<td>Shielding_EMZ</td>
template_sprof.html:<td><a href="e-100MeV.Shielding_EMZ.100MeV.4">100 MeV</a></td>
